Analysis & Synthesis report for SV2Lab
Tue Aug 18 10:49:20 2020
Quartus Prime Version 17.0.0 Build 595 04/25/2017 SJ Lite Edition


---------------------
; Table of Contents ;
---------------------
  1. Legal Notice
  2. Analysis & Synthesis Summary
  3. Analysis & Synthesis Settings
  4. Parallel Compilation
  5. Analysis & Synthesis Source Files Read
  6. Analysis & Synthesis Resource Usage Summary
  7. Analysis & Synthesis Resource Utilization by Entity
  8. State Machine - |topBomb|bomb_fsm:inst|prState
  9. Registers Removed During Synthesis
 10. General Register Statistics
 11. Multiplexer Restructuring Statistics (Restructuring Performed)
 12. Parameter Settings for User Entity Instance: LPM_CONSTANT:inst8
 13. Parameter Settings for User Entity Instance: LPM_CONSTANT:inst9
 14. Port Connectivity Checks: "decimal_2_digits_counter:inst6|decimal_down_counter:tens_counter"
 15. Post-Synthesis Netlist Statistics for Top Partition
 16. Elapsed Time Per Partition
 17. Analysis & Synthesis Messages



----------------
; Legal Notice ;
----------------
Copyright (C) 2017  Intel Corporation. All rights reserved.
Your use of Intel Corporation's design tools, logic functions 
and other software and tools, and its AMPP partner logic 
functions, and any output files from any of the foregoing 
(including device programming or simulation files), and any 
associated documentation or information are expressly subject 
to the terms and conditions of the Intel Program License 
Subscription Agreement, the Intel Quartus Prime License Agreement,
the Intel MegaCore Function License Agreement, or other 
applicable license agreement, including, without limitation, 
that your use is for the sole purpose of programming logic 
devices manufactured by Intel and sold by Intel or its 
authorized distributors.  Please refer to the applicable 
agreement for further details.



+-------------------------------------------------------------------------------+
; Analysis & Synthesis Summary                                                  ;
+---------------------------------+---------------------------------------------+
; Analysis & Synthesis Status     ; Successful - Tue Aug 18 10:49:20 2020       ;
; Quartus Prime Version           ; 17.0.0 Build 595 04/25/2017 SJ Lite Edition ;
; Revision Name                   ; SV2Lab                                      ;
; Top-level Entity Name           ; topBomb                                     ;
; Family                          ; Cyclone V                                   ;
; Logic utilization (in ALMs)     ; N/A                                         ;
; Total registers                 ; 49                                          ;
; Total pins                      ; 32                                          ;
; Total virtual pins              ; 0                                           ;
; Total block memory bits         ; 0                                           ;
; Total DSP Blocks                ; 0                                           ;
; Total HSSI RX PCSs              ; 0                                           ;
; Total HSSI PMA RX Deserializers ; 0                                           ;
; Total HSSI TX PCSs              ; 0                                           ;
; Total HSSI PMA TX Serializers   ; 0                                           ;
; Total PLLs                      ; 0                                           ;
; Total DLLs                      ; 0                                           ;
+---------------------------------+---------------------------------------------+


+---------------------------------------------------------------------------------------------------------------------------+
; Analysis & Synthesis Settings                                                                                             ;
+---------------------------------------------------------------------------------+--------------------+--------------------+
; Option                                                                          ; Setting            ; Default Value      ;
+---------------------------------------------------------------------------------+--------------------+--------------------+
; Device                                                                          ; 5CSXFC6D6F31C6     ;                    ;
; Top-level entity name                                                           ; topBomb            ; SV2Lab             ;
; Family name                                                                     ; Cyclone V          ; Cyclone V          ;
; Use smart compilation                                                           ; Off                ; Off                ;
; Enable parallel Assembler and TimeQuest Timing Analyzer during compilation      ; On                 ; On                 ;
; Enable compact report table                                                     ; Off                ; Off                ;
; Restructure Multiplexers                                                        ; Auto               ; Auto               ;
; MLAB Add Timing Constraints For Mixed-Port Feed-Through Mode Setting Don't Care ; Off                ; Off                ;
; Create Debugging Nodes for IP Cores                                             ; Off                ; Off                ;
; Preserve fewer node names                                                       ; On                 ; On                 ;
; OpenCore Plus hardware evaluation                                               ; Enable             ; Enable             ;
; Verilog Version                                                                 ; Verilog_2001       ; Verilog_2001       ;
; VHDL Version                                                                    ; VHDL_1993          ; VHDL_1993          ;
; State Machine Processing                                                        ; Auto               ; Auto               ;
; Safe State Machine                                                              ; Off                ; Off                ;
; Extract Verilog State Machines                                                  ; On                 ; On                 ;
; Extract VHDL State Machines                                                     ; On                 ; On                 ;
; Ignore Verilog initial constructs                                               ; Off                ; Off                ;
; Iteration limit for constant Verilog loops                                      ; 5000               ; 5000               ;
; Iteration limit for non-constant Verilog loops                                  ; 250                ; 250                ;
; Add Pass-Through Logic to Inferred RAMs                                         ; On                 ; On                 ;
; Infer RAMs from Raw Logic                                                       ; On                 ; On                 ;
; Parallel Synthesis                                                              ; On                 ; On                 ;
; DSP Block Balancing                                                             ; Auto               ; Auto               ;
; NOT Gate Push-Back                                                              ; On                 ; On                 ;
; Power-Up Don't Care                                                             ; On                 ; On                 ;
; Remove Redundant Logic Cells                                                    ; Off                ; Off                ;
; Remove Duplicate Registers                                                      ; On                 ; On                 ;
; Ignore CARRY Buffers                                                            ; Off                ; Off                ;
; Ignore CASCADE Buffers                                                          ; Off                ; Off                ;
; Ignore GLOBAL Buffers                                                           ; Off                ; Off                ;
; Ignore ROW GLOBAL Buffers                                                       ; Off                ; Off                ;
; Ignore LCELL Buffers                                                            ; Off                ; Off                ;
; Ignore SOFT Buffers                                                             ; On                 ; On                 ;
; Limit AHDL Integers to 32 Bits                                                  ; Off                ; Off                ;
; Optimization Technique                                                          ; Balanced           ; Balanced           ;
; Carry Chain Length                                                              ; 70                 ; 70                 ;
; Auto Carry Chains                                                               ; On                 ; On                 ;
; Auto Open-Drain Pins                                                            ; On                 ; On                 ;
; Perform WYSIWYG Primitive Resynthesis                                           ; Off                ; Off                ;
; Auto ROM Replacement                                                            ; On                 ; On                 ;
; Auto RAM Replacement                                                            ; On                 ; On                 ;
; Auto DSP Block Replacement                                                      ; On                 ; On                 ;
; Auto Shift Register Replacement                                                 ; Auto               ; Auto               ;
; Allow Shift Register Merging across Hierarchies                                 ; Auto               ; Auto               ;
; Auto Clock Enable Replacement                                                   ; On                 ; On                 ;
; Strict RAM Replacement                                                          ; Off                ; Off                ;
; Allow Synchronous Control Signals                                               ; On                 ; On                 ;
; Force Use of Synchronous Clear Signals                                          ; Off                ; Off                ;
; Auto Resource Sharing                                                           ; Off                ; Off                ;
; Allow Any RAM Size For Recognition                                              ; Off                ; Off                ;
; Allow Any ROM Size For Recognition                                              ; Off                ; Off                ;
; Allow Any Shift Register Size For Recognition                                   ; Off                ; Off                ;
; Use LogicLock Constraints during Resource Balancing                             ; On                 ; On                 ;
; Ignore translate_off and synthesis_off directives                               ; Off                ; Off                ;
; Timing-Driven Synthesis                                                         ; On                 ; On                 ;
; Report Parameter Settings                                                       ; On                 ; On                 ;
; Report Source Assignments                                                       ; On                 ; On                 ;
; Report Connectivity Checks                                                      ; On                 ; On                 ;
; Ignore Maximum Fan-Out Assignments                                              ; Off                ; Off                ;
; Synchronization Register Chain Length                                           ; 3                  ; 3                  ;
; PowerPlay Power Optimization During Synthesis                                   ; Normal compilation ; Normal compilation ;
; HDL message level                                                               ; Level2             ; Level2             ;
; Suppress Register Optimization Related Messages                                 ; Off                ; Off                ;
; Number of Removed Registers Reported in Synthesis Report                        ; 5000               ; 5000               ;
; Number of Swept Nodes Reported in Synthesis Report                              ; 5000               ; 5000               ;
; Number of Inverted Registers Reported in Synthesis Report                       ; 100                ; 100                ;
; Clock MUX Protection                                                            ; On                 ; On                 ;
; Auto Gated Clock Conversion                                                     ; Off                ; Off                ;
; Block Design Naming                                                             ; Auto               ; Auto               ;
; SDC constraint protection                                                       ; Off                ; Off                ;
; Synthesis Effort                                                                ; Auto               ; Auto               ;
; Shift Register Replacement - Allow Asynchronous Clear Signal                    ; On                 ; On                 ;
; Pre-Mapping Resynthesis Optimization                                            ; Off                ; Off                ;
; Analysis & Synthesis Message Level                                              ; Medium             ; Medium             ;
; Disable Register Merging Across Hierarchies                                     ; Auto               ; Auto               ;
; Resource Aware Inference For Block RAM                                          ; On                 ; On                 ;
; Automatic Parallel Synthesis                                                    ; On                 ; On                 ;
; Partial Reconfiguration Bitstream ID                                            ; Off                ; Off                ;
+---------------------------------------------------------------------------------+--------------------+--------------------+


+------------------------------------------+
; Parallel Compilation                     ;
+----------------------------+-------------+
; Processors                 ; Number      ;
+----------------------------+-------------+
; Number detected on machine ; 8           ;
; Maximum allowed            ; 4           ;
;                            ;             ;
; Average used               ; 1.00        ;
; Maximum used               ; 4           ;
;                            ;             ;
; Usage by Processor         ; % Time Used ;
;     Processor 1            ; 100.0%      ;
;     Processors 2-4         ;   0.0%      ;
+----------------------------+-------------+


+------------------------------------------------------------------------------------------------------------------------------------------------------------------------------------------------------+
; Analysis & Synthesis Source Files Read                                                                                                                                                               ;
+----------------------------------+-----------------+------------------------------------+--------------------------------------------------------------------------------------------------+---------+
; File Name with User-Entered Path ; Used in Netlist ; File Type                          ; File Name with Absolute Path                                                                     ; Library ;
+----------------------------------+-----------------+------------------------------------+--------------------------------------------------------------------------------------------------+---------+
; rtl/hexss.sv                     ; yes             ; User SystemVerilog HDL File        ; C:/Users/elata/Desktop/studies/hw/Lab/3/SV2LabStudent_Schematics/rtl/hexss.sv                    ;         ;
; rtl/bomb_fsm.sv                  ; yes             ; User SystemVerilog HDL File        ; C:/Users/elata/Desktop/studies/hw/Lab/3/SV2LabStudent_Schematics/rtl/bomb_fsm.sv                 ;         ;
; rtl/topBomb.bdf                  ; yes             ; User Block Diagram/Schematic File  ; C:/Users/elata/Desktop/studies/hw/Lab/3/SV2LabStudent_Schematics/rtl/topBomb.bdf                 ;         ;
; rtl/one_sec_counter.sv           ; yes             ; User SystemVerilog HDL File        ; C:/Users/elata/Desktop/studies/hw/Lab/3/SV2LabStudent_Schematics/rtl/one_sec_counter.sv          ;         ;
; rtl/decimal_down_counter.sv      ; yes             ; User SystemVerilog HDL File        ; C:/Users/elata/Desktop/studies/hw/Lab/3/SV2LabStudent_Schematics/rtl/decimal_down_counter.sv     ;         ;
; rtl/decimal_2_digits_counter.sv  ; yes             ; User SystemVerilog HDL File        ; C:/Users/elata/Desktop/studies/hw/Lab/3/SV2LabStudent_Schematics/rtl/decimal_2_digits_counter.sv ;         ;
; lpm_constant.tdf                 ; yes             ; Megafunction                       ; c:/intelfpga_lite/17.0/quartus/libraries/megafunctions/lpm_constant.tdf                          ;         ;
+----------------------------------+-----------------+------------------------------------+--------------------------------------------------------------------------------------------------+---------+


+------------------------------------------------------------+
; Analysis & Synthesis Resource Usage Summary                ;
+---------------------------------------------+--------------+
; Resource                                    ; Usage        ;
+---------------------------------------------+--------------+
; Estimate of Logic utilization (ALMs needed) ; 62           ;
;                                             ;              ;
; Combinational ALUT usage for logic          ; 96           ;
;     -- 7 input functions                    ; 1            ;
;     -- 6 input functions                    ; 26           ;
;     -- 5 input functions                    ; 20           ;
;     -- 4 input functions                    ; 5            ;
;     -- <=3 input functions                  ; 44           ;
;                                             ;              ;
; Dedicated logic registers                   ; 49           ;
;                                             ;              ;
; I/O pins                                    ; 32           ;
;                                             ;              ;
; Total DSP Blocks                            ; 0            ;
;                                             ;              ;
; Maximum fan-out node                        ; resetN~input ;
; Maximum fan-out                             ; 57           ;
; Total fan-out                               ; 613          ;
; Average fan-out                             ; 2.93         ;
+---------------------------------------------+--------------+


+--------------------------------------------------------------------------------------------------------------------------------------------------------------------------------------------------------------------------------------------------------------------------+
; Analysis & Synthesis Resource Utilization by Entity                                                                                                                                                                                                                      ;
+-------------------------------------------+---------------------+---------------------------+-------------------+------------+------+--------------+---------------------------------------------------------------------------+--------------------------+--------------+
; Compilation Hierarchy Node                ; Combinational ALUTs ; Dedicated Logic Registers ; Block Memory Bits ; DSP Blocks ; Pins ; Virtual Pins ; Full Hierarchy Name                                                       ; Entity Name              ; Library Name ;
+-------------------------------------------+---------------------+---------------------------+-------------------+------------+------+--------------+---------------------------------------------------------------------------+--------------------------+--------------+
; |topBomb                                  ; 96 (0)              ; 49 (0)                    ; 0                 ; 0          ; 32   ; 0            ; |topBomb                                                                  ; topBomb                  ; work         ;
;    |bomb_fsm:inst|                        ; 18 (18)             ; 7 (7)                     ; 0                 ; 0          ; 0    ; 0            ; |topBomb|bomb_fsm:inst                                                    ; bomb_fsm                 ; work         ;
;    |decimal_2_digits_counter:inst6|       ; 15 (2)              ; 8 (0)                     ; 0                 ; 0          ; 0    ; 0            ; |topBomb|decimal_2_digits_counter:inst6                                   ; decimal_2_digits_counter ; work         ;
;       |decimal_down_counter:ones_counter| ; 7 (7)               ; 4 (4)                     ; 0                 ; 0          ; 0    ; 0            ; |topBomb|decimal_2_digits_counter:inst6|decimal_down_counter:ones_counter ; decimal_down_counter     ; work         ;
;       |decimal_down_counter:tens_counter| ; 6 (6)               ; 4 (4)                     ; 0                 ; 0          ; 0    ; 0            ; |topBomb|decimal_2_digits_counter:inst6|decimal_down_counter:tens_counter ; decimal_down_counter     ; work         ;
;    |hexss:inst3|                          ; 7 (7)               ; 0 (0)                     ; 0                 ; 0          ; 0    ; 0            ; |topBomb|hexss:inst3                                                      ; hexss                    ; work         ;
;    |hexss:inst4|                          ; 7 (7)               ; 0 (0)                     ; 0                 ; 0          ; 0    ; 0            ; |topBomb|hexss:inst4                                                      ; hexss                    ; work         ;
;    |one_sec_counter:inst5|                ; 49 (49)             ; 34 (34)                   ; 0                 ; 0          ; 0    ; 0            ; |topBomb|one_sec_counter:inst5                                            ; one_sec_counter          ; work         ;
+-------------------------------------------+---------------------+---------------------------+-------------------+------------+------+--------------+---------------------------------------------------------------------------+--------------------------+--------------+
Note: For table entries with two numbers listed, the numbers in parentheses indicate the number of resources of the given type used by the specific entity alone. The numbers listed outside of parentheses indicate the total resources of the given type used by the specific entity and all of its sub-entities in the hierarchy.


Encoding Type:  One-Hot
+---------------------------------------------------------------------------------------------------------------------------------------+
; State Machine - |topBomb|bomb_fsm:inst|prState                                                                                        ;
+------------------+------------------+-----------------+----------------+----------------+--------------+--------------+---------------+
; Name             ; prState.SlampOff ; prState.SlampOn ; prState.Sdelay ; prState.Spause ; prState.Srun ; prState.Sarm ; prState.Sidle ;
+------------------+------------------+-----------------+----------------+----------------+--------------+--------------+---------------+
; prState.Sidle    ; 0                ; 0               ; 0              ; 0              ; 0            ; 0            ; 0             ;
; prState.Sarm     ; 0                ; 0               ; 0              ; 0              ; 0            ; 1            ; 1             ;
; prState.Srun     ; 0                ; 0               ; 0              ; 0              ; 1            ; 0            ; 1             ;
; prState.Spause   ; 0                ; 0               ; 0              ; 1              ; 0            ; 0            ; 1             ;
; prState.Sdelay   ; 0                ; 0               ; 1              ; 0              ; 0            ; 0            ; 1             ;
; prState.SlampOn  ; 0                ; 1               ; 0              ; 0              ; 0            ; 0            ; 1             ;
; prState.SlampOff ; 1                ; 0               ; 0              ; 0              ; 0            ; 0            ; 1             ;
+------------------+------------------+-----------------+----------------+----------------+--------------+--------------+---------------+


+------------------------------------------------------------+
; Registers Removed During Synthesis                         ;
+---------------------------------------+--------------------+
; Register name                         ; Reason for Removal ;
+---------------------------------------+--------------------+
; bomb_fsm:inst|prState~4               ; Lost fanout        ;
; bomb_fsm:inst|prState~5               ; Lost fanout        ;
; bomb_fsm:inst|prState~6               ; Lost fanout        ;
; Total Number of Removed Registers = 3 ;                    ;
+---------------------------------------+--------------------+


+------------------------------------------------------+
; General Register Statistics                          ;
+----------------------------------------------+-------+
; Statistic                                    ; Value ;
+----------------------------------------------+-------+
; Total registers                              ; 49    ;
; Number of registers using Synchronous Clear  ; 33    ;
; Number of registers using Synchronous Load   ; 1     ;
; Number of registers using Asynchronous Clear ; 49    ;
; Number of registers using Asynchronous Load  ; 0     ;
; Number of registers using Clock Enable       ; 8     ;
; Number of registers using Preset             ; 0     ;
+----------------------------------------------+-------+


+--------------------------------------------------------------------------------------------------------------------------------------------------------------------------------------------------+
; Multiplexer Restructuring Statistics (Restructuring Performed)                                                                                                                                   ;
+--------------------+-----------+---------------+----------------------+------------------------+------------+------------------------------------------------------------------------------------+
; Multiplexer Inputs ; Bus Width ; Baseline Area ; Area if Restructured ; Saving if Restructured ; Registered ; Example Multiplexer Output                                                         ;
+--------------------+-----------+---------------+----------------------+------------------------+------------+------------------------------------------------------------------------------------+
; 4:1                ; 3 bits    ; 6 LEs         ; 6 LEs                ; 0 LEs                  ; Yes        ; |topBomb|decimal_2_digits_counter:inst6|decimal_down_counter:ones_counter|count[0] ;
; 4:1                ; 3 bits    ; 6 LEs         ; 6 LEs                ; 0 LEs                  ; Yes        ; |topBomb|decimal_2_digits_counter:inst6|decimal_down_counter:tens_counter|count[3] ;
; 3:1                ; 14 bits   ; 28 LEs        ; 28 LEs               ; 0 LEs                  ; No         ; |topBomb|hexss:inst3|ss[6]                                                         ;
; 12:1               ; 3 bits    ; 24 LEs        ; 9 LEs                ; 15 LEs                 ; No         ; |topBomb|bomb_fsm:inst|Selector0                                                   ;
; 13:1               ; 2 bits    ; 16 LEs        ; 6 LEs                ; 10 LEs                 ; No         ; |topBomb|bomb_fsm:inst|Selector4                                                   ;
; 14:1               ; 2 bits    ; 18 LEs        ; 6 LEs                ; 12 LEs                 ; No         ; |topBomb|bomb_fsm:inst|Selector2                                                   ;
+--------------------+-----------+---------------+----------------------+------------------------+------------+------------------------------------------------------------------------------------+


+-----------------------------------------------------------------+
; Parameter Settings for User Entity Instance: LPM_CONSTANT:inst8 ;
+--------------------+------------------+-------------------------+
; Parameter Name     ; Value            ; Type                    ;
+--------------------+------------------+-------------------------+
; LPM_WIDTH          ; 4                ; Untyped                 ;
; LPM_CVALUE         ; 7                ; Untyped                 ;
; ENABLE_RUNTIME_MOD ; NO               ; Untyped                 ;
; CBXI_PARAMETER     ; lpm_constant_674 ; Untyped                 ;
+--------------------+------------------+-------------------------+
Note: In order to hide this table in the UI and the text report file, please set the "Show Parameter Settings in Synthesis Report" option in "Analysis and Synthesis Settings -> More Settings" to "Off".


+-----------------------------------------------------------------+
; Parameter Settings for User Entity Instance: LPM_CONSTANT:inst9 ;
+--------------------+------------------+-------------------------+
; Parameter Name     ; Value            ; Type                    ;
+--------------------+------------------+-------------------------+
; LPM_WIDTH          ; 4                ; Untyped                 ;
; LPM_CVALUE         ; 1                ; Untyped                 ;
; ENABLE_RUNTIME_MOD ; NO               ; Untyped                 ;
; CBXI_PARAMETER     ; lpm_constant_074 ; Untyped                 ;
+--------------------+------------------+-------------------------+
Note: In order to hide this table in the UI and the text report file, please set the "Show Parameter Settings in Synthesis Report" option in "Analysis and Synthesis Settings -> More Settings" to "Off".


+----------------------------------------------------------------------------------------------------------------+
; Port Connectivity Checks: "decimal_2_digits_counter:inst6|decimal_down_counter:tens_counter"                   ;
+------+--------+----------+-------------------------------------------------------------------------------------+
; Port ; Type   ; Severity ; Details                                                                             ;
+------+--------+----------+-------------------------------------------------------------------------------------+
; tc   ; Output ; Info     ; Connected to dangling logic. Logic that only feeds a dangling port will be removed. ;
+------+--------+----------+-------------------------------------------------------------------------------------+


+-----------------------------------------------------+
; Post-Synthesis Netlist Statistics for Top Partition ;
+-----------------------+-----------------------------+
; Type                  ; Count                       ;
+-----------------------+-----------------------------+
; arriav_ff             ; 49                          ;
;     CLR               ; 7                           ;
;     CLR SCLR          ; 33                          ;
;     CLR SLD           ; 1                           ;
;     ENA CLR           ; 8                           ;
; arriav_lcell_comb     ; 101                         ;
;     arith             ; 32                          ;
;         1 data inputs ; 32                          ;
;     extend            ; 1                           ;
;         7 data inputs ; 1                           ;
;     normal            ; 68                          ;
;         0 data inputs ; 1                           ;
;         1 data inputs ; 4                           ;
;         2 data inputs ; 6                           ;
;         3 data inputs ; 6                           ;
;         4 data inputs ; 5                           ;
;         5 data inputs ; 20                          ;
;         6 data inputs ; 26                          ;
; boundary_port         ; 32                          ;
;                       ;                             ;
; Max LUT depth         ; 4.10                        ;
; Average LUT depth     ; 2.78                        ;
+-----------------------+-----------------------------+


+-------------------------------+
; Elapsed Time Per Partition    ;
+----------------+--------------+
; Partition Name ; Elapsed Time ;
+----------------+--------------+
; Top            ; 00:00:01     ;
+----------------+--------------+


+-------------------------------+
; Analysis & Synthesis Messages ;
+-------------------------------+
Info: *******************************************************************
Info: Running Quartus Prime Analysis & Synthesis
    Info: Version 17.0.0 Build 595 04/25/2017 SJ Lite Edition
    Info: Processing started: Tue Aug 18 10:49:00 2020
Info: Command: quartus_map --read_settings_files=on --write_settings_files=off SV2Lab -c SV2Lab
Warning (18236): Number of processors has not been specified which may cause overloading on shared machines.  Set the global assignment NUM_PARALLEL_PROCESSORS in your QSF to an appropriate value for best performance.
Info (20030): Parallel compilation is enabled and will use 4 of the 4 processors detected
Info (12021): Found 1 design units, including 1 entities, in source file rtl/aux_timer.sv
    Info (12023): Found entity 1: aux_timer File: C:/Users/elata/Desktop/studies/hw/Lab/3/SV2LabStudent_Schematics/rtl/aux_timer.sv Line: 6
Info (12021): Found 1 design units, including 1 entities, in source file rtl/onetens_sec_counter.sv
    Info (12023): Found entity 1: onetens_sec_counter File: C:/Users/elata/Desktop/studies/hw/Lab/3/SV2LabStudent_Schematics/rtl/onetens_sec_counter.sv Line: 8
Info (12021): Found 1 design units, including 1 entities, in source file rtl/hexss.sv
    Info (12023): Found entity 1: hexss File: C:/Users/elata/Desktop/studies/hw/Lab/3/SV2LabStudent_Schematics/rtl/hexss.sv Line: 6
Info (12021): Found 1 design units, including 1 entities, in source file rtl/bomb_fsm.sv
    Info (12023): Found entity 1: bomb_fsm File: C:/Users/elata/Desktop/studies/hw/Lab/3/SV2LabStudent_Schematics/rtl/bomb_fsm.sv Line: 8
Info (12021): Found 1 design units, including 1 entities, in source file rtl/topbomb.bdf
    Info (12023): Found entity 1: topBomb
Info (12021): Found 1 design units, including 1 entities, in source file rtl/ramzor_fsm.sv
    Info (12023): Found entity 1: ramzor_fsm File: C:/Users/elata/Desktop/studies/hw/Lab/3/SV2LabStudent_Schematics/rtl/ramzor_fsm.sv Line: 2
Info (12021): Found 1 design units, including 1 entities, in source file rtl/ramzor.sv
    Info (12023): Found entity 1: ramzor File: C:/Users/elata/Desktop/studies/hw/Lab/3/SV2LabStudent_Schematics/rtl/ramzor.sv Line: 11
Info (12021): Found 1 design units, including 1 entities, in source file rtl/one_sec_counter.sv
    Info (12023): Found entity 1: one_sec_counter File: C:/Users/elata/Desktop/studies/hw/Lab/3/SV2LabStudent_Schematics/rtl/one_sec_counter.sv Line: 8
Info (12021): Found 1 design units, including 1 entities, in source file rtl/decimal_down_counter.sv
    Info (12023): Found entity 1: decimal_down_counter File: C:/Users/elata/Desktop/studies/hw/Lab/3/SV2LabStudent_Schematics/rtl/decimal_down_counter.sv Line: 6
Info (12021): Found 1 design units, including 1 entities, in source file rtl/decimal_2_digits_counter.sv
    Info (12023): Found entity 1: decimal_2_digits_counter File: C:/Users/elata/Desktop/studies/hw/Lab/3/SV2LabStudent_Schematics/rtl/decimal_2_digits_counter.sv Line: 12
Info (12021): Found 1 design units, including 1 entities, in source file datain.v
    Info (12023): Found entity 1: DataIn File: C:/Users/elata/Desktop/studies/hw/Lab/3/SV2LabStudent_Schematics/DataIn.v Line: 40
Info (12127): Elaborating entity "topBomb" for the top level hierarchy
Warning (275043): Pin "countEnable" is missing source
Warning (275043): Pin "countLoadN" is missing source
Info (12128): Elaborating entity "one_sec_counter" for hierarchy "one_sec_counter:inst5"
Info (12128): Elaborating entity "decimal_2_digits_counter" for hierarchy "decimal_2_digits_counter:inst6"
Info (12128): Elaborating entity "decimal_down_counter" for hierarchy "decimal_2_digits_counter:inst6|decimal_down_counter:ones_counter" File: C:/Users/elata/Desktop/studies/hw/Lab/3/SV2LabStudent_Schematics/rtl/decimal_2_digits_counter.sv Line: 40
Info (12128): Elaborating entity "bomb_fsm" for hierarchy "bomb_fsm:inst"
Info (12128): Elaborating entity "LPM_CONSTANT" for hierarchy "LPM_CONSTANT:inst8"
Info (12130): Elaborated megafunction instantiation "LPM_CONSTANT:inst8"
Info (12133): Instantiated megafunction "LPM_CONSTANT:inst8" with the following parameter:
    Info (12134): Parameter "LPM_CVALUE" = "7"
    Info (12134): Parameter "LPM_WIDTH" = "4"
Info (12128): Elaborating entity "LPM_CONSTANT" for hierarchy "LPM_CONSTANT:inst9"
Info (12130): Elaborated megafunction instantiation "LPM_CONSTANT:inst9"
Info (12133): Instantiated megafunction "LPM_CONSTANT:inst9" with the following parameter:
    Info (12134): Parameter "LPM_CVALUE" = "1"
    Info (12134): Parameter "LPM_WIDTH" = "4"
Info (12128): Elaborating entity "hexss" for hierarchy "hexss:inst3"
Warning (13024): Output pins are stuck at VCC or GND
    Warning (13410): Pin "countEnable" is stuck at GND
    Warning (13410): Pin "countLoadN" is stuck at GND
    Warning (13410): Pin "ones[3]" is stuck at GND
    Warning (13410): Pin "ones[2]" is stuck at GND
    Warning (13410): Pin "ones[1]" is stuck at GND
    Warning (13410): Pin "ones[0]" is stuck at GND
    Warning (13410): Pin "tens[3]" is stuck at GND
    Warning (13410): Pin "tens[2]" is stuck at GND
    Warning (13410): Pin "tens[1]" is stuck at GND
    Warning (13410): Pin "tens[0]" is stuck at GND
Info (286030): Timing-Driven Synthesis is running
Info (17049): 3 registers lost all their fanouts during netlist optimizations.
Info (16010): Generating hard_block partition "hard_block:auto_generated_inst"
    Info (16011): Adding 0 node(s), including 0 DDIO, 0 PLL, 0 transceiver and 0 LCELL
Info (21057): Implemented 130 device resources after synthesis - the final resource count might be different
    Info (21058): Implemented 5 input pins
    Info (21059): Implemented 27 output pins
    Info (21061): Implemented 98 logic cells
Info: Quartus Prime Analysis & Synthesis was successful. 0 errors, 14 warnings
    Info: Peak virtual memory: 4840 megabytes
    Info: Processing ended: Tue Aug 18 10:49:20 2020
    Info: Elapsed time: 00:00:20
    Info: Total CPU time (on all processors): 00:00:46


